#
# There is insufficient memory for the Java Runtime Environment to continue.
# Native memory allocation (mmap) failed to map 1006567424 bytes for committing reserved memory.
# Possible reasons:
#   The system is out of physical RAM or swap space
#   The process is running with CompressedOops enabled, and the Java Heap may be blocking the growth of the native heap
# Possible solutions:
#   Reduce memory load on the system
#   Increase physical memory or swap space
#   Check if swap backing store is full
#   Decrease Java heap size (-Xmx/-Xms)
#   Decrease number of Java threads
#   Decrease Java thread stack sizes (-Xss)
#   Set larger code cache with -XX:ReservedCodeCacheSize=
# This output file may be truncated or incomplete.
#
#  Out of Memory Error (/builddir/build/BUILD/java-1.8.0-openjdk-1.8.0.201.b09-2.el7_6.x86_64/openjdk/hotspot/src/os/linux/vm/os_linux.cpp:2766), pid=2184, tid=0x00007f56e3768700
#
# JRE version:  (8.0_201-b09) (build )
# Java VM: OpenJDK 64-Bit Server VM (25.201-b09-debug mixed mode linux-amd64 compressed oops)
# Failed to write core dump. Core dumps have been disabled. To enable core dumping, try "ulimit -c unlimited" before starting Java again
#

---------------  T H R E A D  ---------------

Current thread (0x00007f56dc050800):  JavaThread "Unknown thread" [_thread_in_vm, id=2201, stack(0x00007f56e3669000,0x00007f56e3769000)]

Stack: [0x00007f56e3669000,0x00007f56e3769000],  sp=0x00007f56e37672a0,  free space=1016k
Native frames: (J=compiled Java code, j=interpreted, Vv=VM code, C=native code)
V  [libjvm.so+0xde6c36]
V  [libjvm.so+0xde8073]
V  [libjvm.so+0x6ab398]
V  [libjvm.so+0xbad97b]
V  [libjvm.so+0xbada90]
V  [libjvm.so+0xbadae7]
V  [libjvm.so+0xba49d5]
V  [libjvm.so+0xc37dc5]
V  [libjvm.so+0xbcff94]
V  [libjvm.so+0xc23ae6]
V  [libjvm.so+0xbd852c]
V  [libjvm.so+0xda833a]
V  [libjvm.so+0xda7b8c]
V  [libjvm.so+0x855ae2]
V  [libjvm.so+0xd87e3d]
V  [libjvm.so+0x92e9ec]  JNI_CreateJavaVM+0xd3
C  [libjli.so+0x571a]
C  [libjli.so+0x3155]
C  [libpthread.so.0+0x7dd5]  start_thread+0xc5


---------------  P R O C E S S  ---------------

Java Threads: ( => current thread )

Other Threads:

=>0x00007f56dc050800 (exited) JavaThread "Unknown thread" [_thread_in_vm, id=2201, stack(0x00007f56e3669000,0x00007f56e3769000)]

VM state:not at safepoint (not fully initialized)

VM Mutex/Monitor currently owned by a thread: None

heap address: 0x0000000080200000, size: 30718 MB, Compressed Oops mode: Non-zero based:0x00000000801ff000, Oop shift amount: 3
Narrow klass base: 0x0000000000000000, Narrow klass shift: 0

GC Heap History (0 events):
No events

Deoptimization events (0 events):
No events

Classes redefined (0 events):
No events

Internal exceptions (0 events):
No events

Events (0 events):
No events


Dynamic libraries:
00400000-00401000 r-xp 00000000 fd:02 190748                             /usr/lib/jvm/java-1.8.0-openjdk-1.8.0.201.b09-2.el7_6.x86_64-debug/bin/java
00600000-00601000 r--p 00000000 fd:02 190748                             /usr/lib/jvm/java-1.8.0-openjdk-1.8.0.201.b09-2.el7_6.x86_64-debug/bin/java
00601000-00602000 rw-p 00001000 fd:02 190748                             /usr/lib/jvm/java-1.8.0-openjdk-1.8.0.201.b09-2.el7_6.x86_64-debug/bin/java
0060d000-0062e000 rw-p 00000000 00:00 0                                  [heap]
80200000-d4100000 rw-p 00000000 00:00 0 
d4100000-580100000 ---p 00000000 00:00 0 
580100000-5aa000000 rw-p 00000000 00:00 0 
5aa000000-800000000 ---p 00000000 00:00 0 
7f56a0000000-7f56a0021000 rw-p 00000000 00:00 0 
7f56a0021000-7f56a4000000 ---p 00000000 00:00 0 
7f56a8000000-7f56a8021000 rw-p 00000000 00:00 0 
7f56a8021000-7f56ac000000 ---p 00000000 00:00 0 
7f56ac000000-7f56ac021000 rw-p 00000000 00:00 0 
7f56ac021000-7f56b0000000 ---p 00000000 00:00 0 
7f56b0000000-7f56b0021000 rw-p 00000000 00:00 0 
7f56b0021000-7f56b4000000 ---p 00000000 00:00 0 
7f56b4000000-7f56b4021000 rw-p 00000000 00:00 0 
7f56b4021000-7f56b8000000 ---p 00000000 00:00 0 
7f56b8000000-7f56b8021000 rw-p 00000000 00:00 0 
7f56b8021000-7f56bc000000 ---p 00000000 00:00 0 
7f56bc000000-7f56bc021000 rw-p 00000000 00:00 0 
7f56bc021000-7f56c0000000 ---p 00000000 00:00 0 
7f56c0000000-7f56c0021000 rw-p 00000000 00:00 0 
7f56c0021000-7f56c4000000 ---p 00000000 00:00 0 
7f56c5520000-7f56c5521000 ---p 00000000 00:00 0 
7f56c5521000-7f56c5621000 rw-p 00000000 00:00 0 
7f56c5621000-7f56c5622000 ---p 00000000 00:00 0 
7f56c5622000-7f56c5722000 rw-p 00000000 00:00 0 
7f56c5722000-7f56c5723000 ---p 00000000 00:00 0 
7f56c5723000-7f56c5823000 rw-p 00000000 00:00 0 
7f56c5823000-7f56c5824000 ---p 00000000 00:00 0 
7f56c5824000-7f56c5924000 rw-p 00000000 00:00 0 
7f56c5924000-7f56c5925000 ---p 00000000 00:00 0 
7f56c5925000-7f56c5a25000 rw-p 00000000 00:00 0 
7f56c5a25000-7f56c5a26000 ---p 00000000 00:00 0 
7f56c5a26000-7f56c5b26000 rw-p 00000000 00:00 0 
7f56c5b26000-7f56c5b27000 ---p 00000000 00:00 0 
7f56c5b27000-7f56c5ec7000 rw-p 00000000 00:00 0 
7f56c5ec7000-7f56c8427000 ---p 00000000 00:00 0 
7f56c8427000-7f56c86c7000 rw-p 00000000 00:00 0 
7f56c86c7000-7f56cac26000 ---p 00000000 00:00 0 
7f56cac26000-7f56cad76000 rw-p 00000000 00:00 0 
7f56cad76000-7f56cc026000 ---p 00000000 00:00 0 
7f56cc026000-7f56cc031000 rw-p 00000000 00:00 0 
7f56cc031000-7f56cc3e7000 ---p 00000000 00:00 0 
7f56cc3e7000-7f56cc657000 rwxp 00000000 00:00 0 
7f56cc657000-7f56db3e7000 ---p 00000000 00:00 0 
7f56db3e7000-7f56db3f1000 r-xp 00000000 fd:02 174433                     /usr/lib/jvm/java-1.8.0-openjdk-1.8.0.201.b09-2.el7_6.x86_64-debug/jre/lib/amd64/libzip.so
7f56db3f1000-7f56db5f0000 ---p 0000a000 fd:02 174433                     /usr/lib/jvm/java-1.8.0-openjdk-1.8.0.201.b09-2.el7_6.x86_64-debug/jre/lib/amd64/libzip.so
7f56db5f0000-7f56db5f1000 r--p 00009000 fd:02 174433                     /usr/lib/jvm/java-1.8.0-openjdk-1.8.0.201.b09-2.el7_6.x86_64-debug/jre/lib/amd64/libzip.so
7f56db5f1000-7f56db5f2000 rw-p 0000a000 fd:02 174433                     /usr/lib/jvm/java-1.8.0-openjdk-1.8.0.201.b09-2.el7_6.x86_64-debug/jre/lib/amd64/libzip.so
7f56db5f2000-7f56dbdf7000 r--s 00000000 fd:06 646827                     /var/lib/sss/mc/passwd
7f56dbdf7000-7f56dbdff000 r-xp 00000000 fd:02 1288772                    /usr/lib64/libnss_sss.so.2
7f56dbdff000-7f56dbffe000 ---p 00008000 fd:02 1288772                    /usr/lib64/libnss_sss.so.2
7f56dbffe000-7f56dbfff000 r--p 00007000 fd:02 1288772                    /usr/lib64/libnss_sss.so.2
7f56dbfff000-7f56dc000000 rw-p 00008000 fd:02 1288772                    /usr/lib64/libnss_sss.so.2
7f56dc000000-7f56dc08f000 rw-p 00000000 00:00 0 
7f56dc08f000-7f56e0000000 ---p 00000000 00:00 0 
7f56e0048000-7f56e0049000 ---p 00000000 00:00 0 
7f56e0049000-7f56e0149000 rw-p 00000000 00:00 0 
7f56e0149000-7f56e0155000 r-xp 00000000 fd:02 1283673                    /usr/lib64/libnss_files-2.17.so
7f56e0155000-7f56e0354000 ---p 0000c000 fd:02 1283673                    /usr/lib64/libnss_files-2.17.so
7f56e0354000-7f56e0355000 r--p 0000b000 fd:02 1283673                    /usr/lib64/libnss_files-2.17.so
7f56e0355000-7f56e0356000 rw-p 0000c000 fd:02 1283673                    /usr/lib64/libnss_files-2.17.so
7f56e0356000-7f56e035c000 rw-p 00000000 00:00 0 
7f56e035c000-7f56e038d000 r-xp 00000000 fd:02 174415                     /usr/lib/jvm/java-1.8.0-openjdk-1.8.0.201.b09-2.el7_6.x86_64-debug/jre/lib/amd64/libjava.so
7f56e038d000-7f56e058c000 ---p 00031000 fd:02 174415                     /usr/lib/jvm/java-1.8.0-openjdk-1.8.0.201.b09-2.el7_6.x86_64-debug/jre/lib/amd64/libjava.so
7f56e058c000-7f56e058d000 r--p 00030000 fd:02 174415                     /usr/lib/jvm/java-1.8.0-openjdk-1.8.0.201.b09-2.el7_6.x86_64-debug/jre/lib/amd64/libjava.so
7f56e058d000-7f56e058f000 rw-p 00031000 fd:02 174415                     /usr/lib/jvm/java-1.8.0-openjdk-1.8.0.201.b09-2.el7_6.x86_64-debug/jre/lib/amd64/libjava.so
7f56e058f000-7f56e05a1000 r-xp 00000000 fd:02 174432                     /usr/lib/jvm/java-1.8.0-openjdk-1.8.0.201.b09-2.el7_6.x86_64-debug/jre/lib/amd64/libverify.so
7f56e05a1000-7f56e07a0000 ---p 00012000 fd:02 174432                     /usr/lib/jvm/java-1.8.0-openjdk-1.8.0.201.b09-2.el7_6.x86_64-debug/jre/lib/amd64/libverify.so
7f56e07a0000-7f56e07a2000 r--p 00011000 fd:02 174432                     /usr/lib/jvm/java-1.8.0-openjdk-1.8.0.201.b09-2.el7_6.x86_64-debug/jre/lib/amd64/libverify.so
7f56e07a2000-7f56e07a3000 rw-p 00013000 fd:02 174432                     /usr/lib/jvm/java-1.8.0-openjdk-1.8.0.201.b09-2.el7_6.x86_64-debug/jre/lib/amd64/libverify.so
7f56e07a3000-7f56e07aa000 r-xp 00000000 fd:02 1283685                    /usr/lib64/librt-2.17.so
7f56e07aa000-7f56e09a9000 ---p 00007000 fd:02 1283685                    /usr/lib64/librt-2.17.so
7f56e09a9000-7f56e09aa000 r--p 00006000 fd:02 1283685                    /usr/lib64/librt-2.17.so
7f56e09aa000-7f56e09ab000 rw-p 00007000 fd:02 1283685                    /usr/lib64/librt-2.17.so
7f56e09ab000-7f56e09c0000 r-xp 00000000 fd:02 1283634                    /usr/lib64/libgcc_s-4.8.5-20150702.so.1
7f56e09c0000-7f56e0bbf000 ---p 00015000 fd:02 1283634                    /usr/lib64/libgcc_s-4.8.5-20150702.so.1
7f56e0bbf000-7f56e0bc0000 r--p 00014000 fd:02 1283634                    /usr/lib64/libgcc_s-4.8.5-20150702.so.1
7f56e0bc0000-7f56e0bc1000 rw-p 00015000 fd:02 1283634                    /usr/lib64/libgcc_s-4.8.5-20150702.so.1
7f56e0bc1000-7f56e0cc2000 r-xp 00000000 fd:02 1283663                    /usr/lib64/libm-2.17.so
7f56e0cc2000-7f56e0ec1000 ---p 00101000 fd:02 1283663                    /usr/lib64/libm-2.17.so
7f56e0ec1000-7f56e0ec2000 r--p 00100000 fd:02 1283663                    /usr/lib64/libm-2.17.so
7f56e0ec2000-7f56e0ec3000 rw-p 00101000 fd:02 1283663                    /usr/lib64/libm-2.17.so
7f56e0ec3000-7f56e0fac000 r-xp 00000000 fd:02 1283962                    /usr/lib64/libstdc++.so.6.0.19
7f56e0fac000-7f56e11ab000 ---p 000e9000 fd:02 1283962                    /usr/lib64/libstdc++.so.6.0.19
7f56e11ab000-7f56e11b3000 r--p 000e8000 fd:02 1283962                    /usr/lib64/libstdc++.so.6.0.19
7f56e11b3000-7f56e11b5000 rw-p 000f0000 fd:02 1283962                    /usr/lib64/libstdc++.so.6.0.19
7f56e11b5000-7f56e11ca000 rw-p 00000000 00:00 0 
7f56e11ca000-7f56e25e5000 r-xp 00000000 fd:02 182564                     /usr/lib/jvm/java-1.8.0-openjdk-1.8.0.201.b09-2.el7_6.x86_64-debug/jre/lib/amd64/server/libjvm.so
7f56e25e5000-7f56e27e4000 ---p 0141b000 fd:02 182564                     /usr/lib/jvm/java-1.8.0-openjdk-1.8.0.201.b09-2.el7_6.x86_64-debug/jre/lib/amd64/server/libjvm.so
7f56e27e4000-7f56e28ae000 r--p 0141a000 fd:02 182564                     /usr/lib/jvm/java-1.8.0-openjdk-1.8.0.201.b09-2.el7_6.x86_64-debug/jre/lib/amd64/server/libjvm.so
7f56e28ae000-7f56e28dc000 rw-p 014e4000 fd:02 182564                     /usr/lib/jvm/java-1.8.0-openjdk-1.8.0.201.b09-2.el7_6.x86_64-debug/jre/lib/amd64/server/libjvm.so
7f56e28dc000-7f56e2963000 rw-p 00000000 00:00 0 
7f56e2963000-7f56e2b25000 r-xp 00000000 fd:02 1283655                    /usr/lib64/libc-2.17.so
7f56e2b25000-7f56e2d25000 ---p 001c2000 fd:02 1283655                    /usr/lib64/libc-2.17.so
7f56e2d25000-7f56e2d29000 r--p 001c2000 fd:02 1283655                    /usr/lib64/libc-2.17.so
7f56e2d29000-7f56e2d2b000 rw-p 001c6000 fd:02 1283655                    /usr/lib64/libc-2.17.so
7f56e2d2b000-7f56e2d30000 rw-p 00000000 00:00 0 
7f56e2d30000-7f56e2d32000 r-xp 00000000 fd:02 1283661                    /usr/lib64/libdl-2.17.so
7f56e2d32000-7f56e2f32000 ---p 00002000 fd:02 1283661                    /usr/lib64/libdl-2.17.so
7f56e2f32000-7f56e2f33000 r--p 00002000 fd:02 1283661                    /usr/lib64/libdl-2.17.so
7f56e2f33000-7f56e2f34000 rw-p 00003000 fd:02 1283661                    /usr/lib64/libdl-2.17.so
7f56e2f34000-7f56e2f45000 r-xp 00000000 fd:02 198918                     /usr/lib/jvm/java-1.8.0-openjdk-1.8.0.201.b09-2.el7_6.x86_64-debug/lib/amd64/jli/libjli.so
7f56e2f45000-7f56e3144000 ---p 00011000 fd:02 198918                     /usr/lib/jvm/java-1.8.0-openjdk-1.8.0.201.b09-2.el7_6.x86_64-debug/lib/amd64/jli/libjli.so
7f56e3144000-7f56e3145000 r--p 00010000 fd:02 198918                     /usr/lib/jvm/java-1.8.0-openjdk-1.8.0.201.b09-2.el7_6.x86_64-debug/lib/amd64/jli/libjli.so
7f56e3145000-7f56e3146000 rw-p 00011000 fd:02 198918                     /usr/lib/jvm/java-1.8.0-openjdk-1.8.0.201.b09-2.el7_6.x86_64-debug/lib/amd64/jli/libjli.so
7f56e3146000-7f56e315b000 r-xp 00000000 fd:02 1283954                    /usr/lib64/libz.so.1.2.7
7f56e315b000-7f56e335a000 ---p 00015000 fd:02 1283954                    /usr/lib64/libz.so.1.2.7
7f56e335a000-7f56e335b000 r--p 00014000 fd:02 1283954                    /usr/lib64/libz.so.1.2.7
7f56e335b000-7f56e335c000 rw-p 00015000 fd:02 1283954                    /usr/lib64/libz.so.1.2.7
7f56e335c000-7f56e3373000 r-xp 00000000 fd:02 1283681                    /usr/lib64/libpthread-2.17.so
7f56e3373000-7f56e3572000 ---p 00017000 fd:02 1283681                    /usr/lib64/libpthread-2.17.so
7f56e3572000-7f56e3573000 r--p 00016000 fd:02 1283681                    /usr/lib64/libpthread-2.17.so
7f56e3573000-7f56e3574000 rw-p 00017000 fd:02 1283681                    /usr/lib64/libpthread-2.17.so
7f56e3574000-7f56e3578000 rw-p 00000000 00:00 0 
7f56e3578000-7f56e359a000 r-xp 00000000 fd:02 1283648                    /usr/lib64/ld-2.17.so
7f56e3627000-7f56e3668000 rw-p 00000000 00:00 0 
7f56e3668000-7f56e366c000 ---p 00000000 00:00 0 
7f56e366c000-7f56e376e000 rw-p 00000000 00:00 0 
7f56e378b000-7f56e378e000 rw-p 00000000 00:00 0 
7f56e378e000-7f56e3796000 rw-s 00000000 fd:04 167765                     /tmp/hsperfdata_cs12sp19kj/2184
7f56e3796000-7f56e3797000 rw-p 00000000 00:00 0 
7f56e3797000-7f56e3798000 r--p 00000000 00:00 0 
7f56e3798000-7f56e3799000 rw-p 00000000 00:00 0 
7f56e3799000-7f56e379a000 r--p 00021000 fd:02 1283648                    /usr/lib64/ld-2.17.so
7f56e379a000-7f56e379b000 rw-p 00022000 fd:02 1283648                    /usr/lib64/ld-2.17.so
7f56e379b000-7f56e379c000 rw-p 00000000 00:00 0 
7ffff946b000-7ffff948d000 rw-p 00000000 00:00 0                          [stack]
7ffff9537000-7ffff9539000 r-xp 00000000 00:00 0                          [vdso]
ffffffffff600000-ffffffffff601000 r-xp 00000000 00:00 0                  [vsyscall]

VM Arguments:
jvm_args: -Dclassworlds.conf=/usr/share/maven/bin/m2.conf -Dmaven.home=/usr/share/maven 
java_command: org.codehaus.plexus.classworlds.launcher.Launcher clean install
java_class_path (initial): /usr/share/maven/boot/plexus-classworlds.jar
Launcher Type: SUN_STANDARD

Environment Variables:
JAVA_HOME=/usr/lib/jvm/java
CLASSPATH=.:/software/common/junit4.10/junit-4.10.jar:/software/common/junit4.10/junit-dep-4.10.jar:/software/common/junit4.10/junit-4.10-src.jar
PATH=/software/common/junit4.10:/software/CSE/eclipse-java-2019-03-R/eclipse:/home/linux/ieng6/cs12sp19/public/bin:/usr/lib64/qt-3.3/bin:/home/linux/ieng6/cs12sp19/cs12sp19kj/perl5/bin:/software/common64/bin/git/bin:/software/nonrdist64:/software/common/bin:/software/common64/bin:/software/common/mutt/bin:/software/common/TeXLive/bin/i386-linux:/software/common/AcroRead/bin:/usr/local/bin:/usr/bin:/usr/local/sbin:/usr/sbin:/bin:/software/common/pine/bin:/acsnfs3/software/Matlab-R2017b/bin
LD_LIBRARY_PATH=/software/common64/bin/git/lib64:/software/common64/bin/git/libexec
SHELL=/usr/bin/bash
DISPLAY=localhost:50.0

Signal Handlers:
SIGSEGV: [libjvm.so+0xde8cf8], sa_mask[0]=11111111011111111101111111111110, sa_flags=SA_RESTART|SA_SIGINFO
SIGBUS: [libjvm.so+0xde8cf8], sa_mask[0]=11111111011111111101111111111110, sa_flags=SA_RESTART|SA_SIGINFO
SIGFPE: [libjvm.so+0xbb19ed], sa_mask[0]=11111111011111111101111111111110, sa_flags=SA_RESTART|SA_SIGINFO
SIGPIPE: [libjvm.so+0xbb19ed], sa_mask[0]=11111111011111111101111111111110, sa_flags=SA_RESTART|SA_SIGINFO
SIGXFSZ: [libjvm.so+0xbb19ed], sa_mask[0]=11111111011111111101111111111110, sa_flags=SA_RESTART|SA_SIGINFO
SIGILL: [libjvm.so+0xbb19ed], sa_mask[0]=11111111011111111101111111111110, sa_flags=SA_RESTART|SA_SIGINFO
SIGUSR1: SIG_DFL, sa_mask[0]=00000000000000000000000000000000, sa_flags=none
SIGUSR2: [libjvm.so+0xbb1126], sa_mask[0]=00000000000000000000000000000000, sa_flags=SA_RESTART|SA_SIGINFO
SIGHUP: SIG_DFL, sa_mask[0]=00000000000000000000000000000000, sa_flags=none
SIGINT: SIG_DFL, sa_mask[0]=00000000000000000000000000000000, sa_flags=none
SIGTERM: SIG_DFL, sa_mask[0]=00000000000000000000000000000000, sa_flags=none
SIGQUIT: SIG_DFL, sa_mask[0]=00000000000000000000000000000000, sa_flags=none


---------------  S Y S T E M  ---------------

OS:CentOS Linux release 7.6.1810 (Core) 

uname:Linux 3.10.0-957.10.1.el7.x86_64 #1 SMP Mon Mar 18 15:06:45 UTC 2019 x86_64
libc:glibc 2.17 NPTL 2.17 
rlimit: STACK 8192k, CORE 0k, NPROC 4096, NOFILE 4096, AS infinity
load average:8.81 7.69 7.14

/proc/meminfo:
MemTotal:       131863916 kB
MemFree:          691408 kB
MemAvailable:     380700 kB
Buffers:            2064 kB
Cached:          1633664 kB
SwapCached:        84012 kB
Active:         125136204 kB
Inactive:        4217520 kB
Active(anon):   125089772 kB
Inactive(anon):  4091724 kB
Active(file):      46432 kB
Inactive(file):   125796 kB
Unevictable:           0 kB
Mlocked:               0 kB
SwapTotal:       1409020 kB
SwapFree:              0 kB
Dirty:              8152 kB
Writeback:             8 kB
AnonPages:      127634876 kB
Mapped:            67532 kB
Shmem:           1462848 kB
Slab:             474672 kB
SReclaimable:     306988 kB
SUnreclaim:       167684 kB
KernelStack:       28400 kB
PageTables:       451444 kB
NFS_Unstable:          0 kB
Bounce:                0 kB
WritebackTmp:          0 kB
CommitLimit:    67340976 kB
Committed_AS:   137728344 kB
VmallocTotal:   34359738367 kB
VmallocUsed:      354204 kB
VmallocChunk:   34359310668 kB
HardwareCorrupted:     0 kB
AnonHugePages:    993280 kB
CmaTotal:              0 kB
CmaFree:               0 kB
HugePages_Total:       0
HugePages_Free:        0
HugePages_Rsvd:        0
HugePages_Surp:        0
Hugepagesize:       2048 kB
DirectMap4k:      384896 kB
DirectMap2M:    133832704 kB

container (cgroup) information:
container_type: cgroupv1
cpu_cpuset_cpus: 0-7
cpu_memory_nodes: 0
active_processor_count: 8
cpu_quota: -1
cpu_period: 100000
cpu_shares: -1
memory_limit_in_bytes: -1
memory_and_swap_limit_in_bytes: -1
memory_soft_limit_in_bytes: -1
memory_usage_in_bytes: 132389519360
memory_max_usage_in_bytes: 0


CPU:total 8 (initial active 8) (2 cores per cpu, 1 threads per core) family 6 model 45 stepping 2, cmov, cx8, fxsr, mmx, sse, sse2, sse3, ssse3, sse4.1, sse4.2, popcnt, avx, aes, clmul, tsc, tscinvbit, tscinv

/proc/cpuinfo:
processor	: 0
vendor_id	: GenuineIntel
cpu family	: 6
model		: 45
model name	: Intel(R) Xeon(R) CPU E5-2650 0 @ 2.00GHz
stepping	: 2
microcode	: 0x42d
cpu MHz		: 2000.000
cache size	: 20480 KB
physical id	: 0
siblings	: 2
core id		: 0
cpu cores	: 2
apicid		: 0
initial apicid	: 0
fpu		: yes
fpu_exception	: yes
cpuid level	: 13
wp		: yes
flags		: fpu vme de pse tsc msr pae mce cx8 apic sep mtrr pge mca cmov pat pse36 clflush dts mmx fxsr sse sse2 ss ht syscall nx rdtscp lm constant_tsc arch_perfmon pebs bts nopl xtopology tsc_reliable nonstop_tsc eagerfpu pni pclmulqdq ssse3 cx16 pcid sse4_1 sse4_2 x2apic popcnt tsc_deadline_timer aes xsave avx hypervisor lahf_lm ibrs ibpb stibp tsc_adjust arat spec_ctrl intel_stibp arch_capabilities
bogomips	: 4000.00
clflush size	: 64
cache_alignment	: 64
address sizes	: 43 bits physical, 48 bits virtual
power management:

processor	: 1
vendor_id	: GenuineIntel
cpu family	: 6
model		: 45
model name	: Intel(R) Xeon(R) CPU E5-2650 0 @ 2.00GHz
stepping	: 2
microcode	: 0x42d
cpu MHz		: 2000.000
cache size	: 20480 KB
physical id	: 0
siblings	: 2
core id		: 1
cpu cores	: 2
apicid		: 1
initial apicid	: 1
fpu		: yes
fpu_exception	: yes
cpuid level	: 13
wp		: yes
flags		: fpu vme de pse tsc msr pae mce cx8 apic sep mtrr pge mca cmov pat pse36 clflush dts mmx fxsr sse sse2 ss ht syscall nx rdtscp lm constant_tsc arch_perfmon pebs bts nopl xtopology tsc_reliable nonstop_tsc eagerfpu pni pclmulqdq ssse3 cx16 pcid sse4_1 sse4_2 x2apic popcnt tsc_deadline_timer aes xsave avx hypervisor lahf_lm ibrs ibpb stibp tsc_adjust arat spec_ctrl intel_stibp arch_capabilities
bogomips	: 4000.00
clflush size	: 64
cache_alignment	: 64
address sizes	: 43 bits physical, 48 bits virtual
power management:

processor	: 2
vendor_id	: GenuineIntel
cpu family	: 6
model		: 45
model name	: Intel(R) Xeon(R) CPU E5-2650 0 @ 2.00GHz
stepping	: 2
microcode	: 0x42d
cpu MHz		: 2000.000
cache size	: 20480 KB
physical id	: 1
siblings	: 2
core id		: 0
cpu cores	: 2
apicid		: 2
initial apicid	: 2
fpu		: yes
fpu_exception	: yes
cpuid level	: 13
wp		: yes
flags		: fpu vme de pse tsc msr pae mce cx8 apic sep mtrr pge mca cmov pat pse36 clflush dts mmx fxsr sse sse2 ss ht syscall nx rdtscp lm constant_tsc arch_perfmon pebs bts nopl xtopology tsc_reliable nonstop_tsc eagerfpu pni pclmulqdq ssse3 cx16 pcid sse4_1 sse4_2 x2apic popcnt tsc_deadline_timer aes xsave avx hypervisor lahf_lm ibrs ibpb stibp tsc_adjust arat spec_ctrl intel_stibp arch_capabilities
bogomips	: 4000.00
clflush size	: 64
cache_alignment	: 64
address sizes	: 43 bits physical, 48 bits virtual
power management:

processor	: 3
vendor_id	: GenuineIntel
cpu family	: 6
model		: 45
model name	: Intel(R) Xeon(R) CPU E5-2650 0 @ 2.00GHz
stepping	: 2
microcode	: 0x42d
cpu MHz		: 2000.000
cache size	: 20480 KB
physical id	: 1
siblings	: 2
core id		: 1
cpu cores	: 2
apicid		: 3
initial apicid	: 3
fpu		: yes
fpu_exception	: yes
cpuid level	: 13
wp		: yes
flags		: fpu vme de pse tsc msr pae mce cx8 apic sep mtrr pge mca cmov pat pse36 clflush dts mmx fxsr sse sse2 ss ht syscall nx rdtscp lm constant_tsc arch_perfmon pebs bts nopl xtopology tsc_reliable nonstop_tsc eagerfpu pni pclmulqdq ssse3 cx16 pcid sse4_1 sse4_2 x2apic popcnt tsc_deadline_timer aes xsave avx hypervisor lahf_lm ibrs ibpb stibp tsc_adjust arat spec_ctrl intel_stibp arch_capabilities
bogomips	: 4000.00
clflush size	: 64
cache_alignment	: 64
address sizes	: 43 bits physical, 48 bits virtual
power management:

processor	: 4
vendor_id	: GenuineIntel
cpu family	: 6
model		: 45
model name	: Intel(R) Xeon(R) CPU E5-2650 0 @ 2.00GHz
stepping	: 2
microcode	: 0x42d
cpu MHz		: 2000.000
cache size	: 20480 KB
physical id	: 2
siblings	: 2
core id		: 0
cpu cores	: 2
apicid		: 4
initial apicid	: 4
fpu		: yes
fpu_exception	: yes
cpuid level	: 13
wp		: yes
flags		: fpu vme de pse tsc msr pae mce cx8 apic sep mtrr pge mca cmov pat pse36 clflush dts mmx fxsr sse sse2 ss ht syscall nx rdtscp lm constant_tsc arch_perfmon pebs bts nopl xtopology tsc_reliable nonstop_tsc eagerfpu pni pclmulqdq ssse3 cx16 pcid sse4_1 sse4_2 x2apic popcnt tsc_deadline_timer aes xsave avx hypervisor lahf_lm ibrs ibpb stibp tsc_adjust arat spec_ctrl intel_stibp arch_capabilities
bogomips	: 4000.00
clflush size	: 64
cache_alignment	: 64
address sizes	: 43 bits physical, 48 bits virtual
power management:

processor	: 5
vendor_id	: GenuineIntel
cpu family	: 6
model		: 45
model name	: Intel(R) Xeon(R) CPU E5-2650 0 @ 2.00GHz
stepping	: 2
microcode	: 0x42d
cpu MHz		: 2000.000
cache size	: 20480 KB
physical id	: 2
siblings	: 2
core id		: 1
cpu cores	: 2
apicid		: 5
initial apicid	: 5
fpu		: yes
fpu_exception	: yes
cpuid level	: 13
wp		: yes
flags		: fpu vme de pse tsc msr pae mce cx8 apic sep mtrr pge mca cmov pat pse36 clflush dts mmx fxsr sse sse2 ss ht syscall nx rdtscp lm constant_tsc arch_perfmon pebs bts nopl xtopology tsc_reliable nonstop_tsc eagerfpu pni pclmulqdq ssse3 cx16 pcid sse4_1 sse4_2 x2apic popcnt tsc_deadline_timer aes xsave avx hypervisor lahf_lm ibrs ibpb stibp tsc_adjust arat spec_ctrl intel_stibp arch_capabilities
bogomips	: 4000.00
clflush size	: 64
cache_alignment	: 64
address sizes	: 43 bits physical, 48 bits virtual
power management:

processor	: 6
vendor_id	: GenuineIntel
cpu family	: 6
model		: 45
model name	: Intel(R) Xeon(R) CPU E5-2650 0 @ 2.00GHz
stepping	: 2
microcode	: 0x42d
cpu MHz		: 2000.000
cache size	: 20480 KB
physical id	: 3
siblings	: 2
core id		: 0
cpu cores	: 2
apicid		: 6
initial apicid	: 6
fpu		: yes
fpu_exception	: yes
cpuid level	: 13
wp		: yes
flags		: fpu vme de pse tsc msr pae mce cx8 apic sep mtrr pge mca cmov pat pse36 clflush dts mmx fxsr sse sse2 ss ht syscall nx rdtscp lm constant_tsc arch_perfmon pebs bts nopl xtopology tsc_reliable nonstop_tsc eagerfpu pni pclmulqdq ssse3 cx16 pcid sse4_1 sse4_2 x2apic popcnt tsc_deadline_timer aes xsave avx hypervisor lahf_lm ibrs ibpb stibp tsc_adjust arat spec_ctrl intel_stibp arch_capabilities
bogomips	: 4000.00
clflush size	: 64
cache_alignment	: 64
address sizes	: 43 bits physical, 48 bits virtual
power management:

processor	: 7
vendor_id	: GenuineIntel
cpu family	: 6
model		: 45
model name	: Intel(R) Xeon(R) CPU E5-2650 0 @ 2.00GHz
stepping	: 2
microcode	: 0x42d
cpu MHz		: 2000.000
cache size	: 20480 KB
physical id	: 3
siblings	: 2
core id		: 1
cpu cores	: 2
apicid		: 7
initial apicid	: 7
fpu		: yes
fpu_exception	: yes
cpuid level	: 13
wp		: yes
flags		: fpu vme de pse tsc msr pae mce cx8 apic sep mtrr pge mca cmov pat pse36 clflush dts mmx fxsr sse sse2 ss ht syscall nx rdtscp lm constant_tsc arch_perfmon pebs bts nopl xtopology tsc_reliable nonstop_tsc eagerfpu pni pclmulqdq ssse3 cx16 pcid sse4_1 sse4_2 x2apic popcnt tsc_deadline_timer aes xsave avx hypervisor lahf_lm ibrs ibpb stibp tsc_adjust arat spec_ctrl intel_stibp arch_capabilities
bogomips	: 4000.00
clflush size	: 64
cache_alignment	: 64
address sizes	: 43 bits physical, 48 bits virtual
power management:



Memory: 4k page, physical 131863916k(691408k free), swap 1409020k(0k free)

vm_info: OpenJDK 64-Bit Server VM (25.201-b09-debug) for linux-amd64 JRE (1.8.0_201-b09), built on Mar  4 2019 22:20:49 by "mockbuild" with gcc 4.8.5 20150623 (Red Hat 4.8.5-36)

time: Tue May 28 21:14:04 2019
timezone: PDT
elapsed time: 4 seconds (0d 0h 0m 4s)

